FrameClient_android/app/build/outputs/logs/manifest-merger-debug-report.txt
-- Merging decision tree log ---
manifest
ADDED from src\main\AndroidManifest.xml:2:1-112:12
	package
		ADDED from src\main\AndroidManifest.xml:3:5-40
		INJECTED from src\main\AndroidManifest.xml
		INJECTED from src\main\AndroidManifest.xml
	android:versionName
		ADDED from src\main\AndroidManifest.xml:5:5-32
		INJECTED from src\main\AndroidManifest.xml
		INJECTED from src\main\AndroidManifest.xml
	android:versionCode
		ADDED from src\main\AndroidManifest.xml:4:5-28
		INJECTED from src\main\AndroidManifest.xml
		INJECTED from src\main\AndroidManifest.xml
	xmlns:android
		ADDED from src\main\AndroidManifest.xml:2:11-69
uses-sdk
ADDED from src\main\AndroidManifest.xml:7:5-9:41
	android:targetSdkVersion
		ADDED from src\main\AndroidManifest.xml:9:9-38
		INJECTED from src\main\AndroidManifest.xml
		INJECTED from src\main\AndroidManifest.xml
	android:minSdkVersion
		ADDED from src\main\AndroidManifest.xml:8:9-35
		INJECTED from src\main\AndroidManifest.xml
		INJECTED from src\main\AndroidManifest.xml
uses-permission#android.permission.INTERNET
ADDED from src\main\AndroidManifest.xml:11:5-66
	android:name
		ADDED from src\main\AndroidManifest.xml:11:22-64
uses-permission#android.permission.WRITE_EXTERNAL_STORAGE
ADDED from src\main\AndroidManifest.xml:12:5-80
	android:name
		ADDED from src\main\AndroidManifest.xml:12:22-78
uses-permission#android.permission.MOUNT_UNMOUNT_FILESYSTEMS
ADDED from src\main\AndroidManifest.xml:13:5-83
	android:name
		ADDED from src\main\AndroidManifest.xml:13:22-81
supports-screens
ADDED from src\main\AndroidManifest.xml:16:5-20:33
	android:largeScreens
		ADDED from src\main\AndroidManifest.xml:17:5-32
	android:smallScreens
		ADDED from src\main\AndroidManifest.xml:19:6-33
	android:normalScreens
		ADDED from src\main\AndroidManifest.xml:18:6-34
	android:anyDensity
		ADDED from src\main\AndroidManifest.xml:20:6-31
application
ADDED from src\main\AndroidManifest.xml:22:5-109:19
	android:label
		ADDED from src\main\AndroidManifest.xml:27:9-41
	android:hardwareAccelerated
		ADDED from src\main\AndroidManifest.xml:25:9-43
	android:allowBackup
		ADDED from src\main\AndroidManifest.xml:24:9-35
	android:icon
		ADDED from src\main\AndroidManifest.xml:26:9-42
	android:theme
		ADDED from src\main\AndroidManifest.xml:28:9-40
	android:name
		ADDED from src\main\AndroidManifest.xml:23:9-39
activity#com.frameclient.activitys.LoginActivity
ADDED from src\main\AndroidManifest.xml:29:9-33:20
	android:screenOrientation
		ADDED from src\main\AndroidManifest.xml:31:13-49
	android:theme
		ADDED from src\main\AndroidManifest.xml:32:13-71
	android:name
		ADDED from src\main\AndroidManifest.xml:30:13-41
activity#com.frameclient.activitys.SourceActivity
ADDED from src\main\AndroidManifest.xml:35:9-44:20
	android:screenOrientation
		ADDED from src\main\AndroidManifest.xml:37:13-49
	android:launchMode
		ADDED from src\main\AndroidManifest.xml:38:13-44
	android:theme
		ADDED from src\main\AndroidManifest.xml:39:13-71
	android:name
		ADDED from src\main\AndroidManifest.xml:36:13-42
intent-filter#android.intent.action.MAIN+android.intent.category.LAUNCHER
ADDED from src\main\AndroidManifest.xml:40:13-43:29
action#android.intent.action.MAIN
ADDED from src\main\AndroidManifest.xml:41:17-69
	android:name
		ADDED from src\main\AndroidManifest.xml:41:25-66
category#android.intent.category.LAUNCHER
ADDED from src\main\AndroidManifest.xml:42:17-77
	android:name
		ADDED from src\main\AndroidManifest.xml:42:27-74
activity#com.frameclient.activitys.MenuActivity
ADDED from src\main\AndroidManifest.xml:46:9-50:20
	android:screenOrientation
		ADDED from src\main\AndroidManifest.xml:48:13-49
	android:theme
		ADDED from src\main\AndroidManifest.xml:49:13-71
	android:name
		ADDED from src\main\AndroidManifest.xml:47:13-40
activity#com.frameclient.activitys.VideoActivity
ADDED from src\main\AndroidManifest.xml:52:9-61:20
	android:screenOrientation
		ADDED from src\main\AndroidManifest.xml:55:13-50
	android:hardwareAccelerated
		ADDED from src\main\AndroidManifest.xml:54:13-47
	android:configChanges
		ADDED from src\main\AndroidManifest.xml:56:13-59
	android:theme
		ADDED from src\main\AndroidManifest.xml:57:13-71
	android:name
		ADDED from src\main\AndroidManifest.xml:53:13-41
intent-filter#android.intent.action.SECSION_VIDEO
ADDED from src\main\AndroidManifest.xml:58:13-60:29
action#android.intent.action.SECSION_VIDEO
ADDED from src\main\AndroidManifest.xml:59:17-77
	android:name
		ADDED from src\main\AndroidManifest.xml:59:25-75
activity#com.frameclient.activitys.ChangePasswordActivity
ADDED from src\main\AndroidManifest.xml:63:9-68:20
	android:screenOrientation
		ADDED from src\main\AndroidManifest.xml:66:13-49
	android:hardwareAccelerated
		ADDED from src\main\AndroidManifest.xml:65:13-47
	android:theme
		ADDED from src\main\AndroidManifest.xml:67:13-71
	android:name
		ADDED from src\main\AndroidManifest.xml:64:13-50
activity#com.frameclient.activitys.WebConfigActivity
ADDED from src\main\AndroidManifest.xml:70:10-75:20
	android:screenOrientation
		ADDED from src\main\AndroidManifest.xml:73:13-49
	android:hardwareAccelerated
		ADDED from src\main\AndroidManifest.xml:72:13-47
	android:theme
		ADDED from src\main\AndroidManifest.xml:74:13-71
	android:name
		ADDED from src\main\AndroidManifest.xml:71:13-45
activity#com.frameclient.activitys.WebActivity
ADDED from src\main\AndroidManifest.xml:77:10-82:20
	android:screenOrientation
		ADDED from src\main\AndroidManifest.xml:80:13-49
	android:hardwareAccelerated
		ADDED from src\main\AndroidManifest.xml:79:13-47
	android:theme
		ADDED from src\main\AndroidManifest.xml:81:13-71
	android:name
		ADDED from src\main\AndroidManifest.xml:78:13-39
activity#com.frameclient.activitys.AboutActivity
ADDED from src\main\AndroidManifest.xml:84:9-89:20
	android:screenOrientation
		ADDED from src\main\AndroidManifest.xml:87:13-49
	android:hardwareAccelerated
		ADDED from src\main\AndroidManifest.xml:86:13-47
	android:theme
		ADDED from src\main\AndroidManifest.xml:88:13-71
	android:name
		ADDED from src\main\AndroidManifest.xml:85:13-41
service#com.frameclient.services.NetWorkService
ADDED from src\main\AndroidManifest.xml:91:9-98:13
	android:enabled
		ADDED from src\main\AndroidManifest.xml:92:13-35
	android:name
		ADDED from src\main\AndroidManifest.xml:93:13-67
intent-filter#android.intent.category.default+com.frameclient.services.networkservice
ADDED from src\main\AndroidManifest.xml:94:12-97:28
action#com.frameclient.services.networkservice
ADDED from src\main\AndroidManifest.xml:95:16-80
	android:name
		ADDED from src\main\AndroidManifest.xml:95:24-78
category#android.intent.category.default
ADDED from src\main\AndroidManifest.xml:96:16-75
	android:name
		ADDED from src\main\AndroidManifest.xml:96:26-72
service#com.frameclient.services.VideoService
ADDED from src\main\AndroidManifest.xml:100:9-107:13
	android:enabled
		ADDED from src\main\AndroidManifest.xml:101:13-35
	android:name
		ADDED from src\main\AndroidManifest.xml:102:13-65
intent-filter#android.intent.category.default+com.frameclient.services.VideoService
ADDED from src\main\AndroidManifest.xml:103:12-106:28
action#com.frameclient.services.VideoService
ADDED from src\main\AndroidManifest.xml:104:16-78
	android:name
		ADDED from src\main\AndroidManifest.xml:104:24-76